<?xml version="1.0" encoding="UTF-8"?>
<!-- Generated by org.testng.reporters.JUnitReportReporter -->
<testsuite skipped="0" hostname="Khaled" name="runner.TestRunner" tests="2" failures="0" timestamp="15 يول 2019 22:26:55 GMT" time="0.073" errors="0">
  <testcase name="feature" time="0.021" classname="runner.TestRunner"/>
  <testcase name="feature" time="0.052" classname="runner.TestRunner"/>
</testsuite> <!-- runner.TestRunner -->
