<?xml version="1.0" encoding="UTF-8"?>
<!-- Generated by org.testng.reporters.JUnitReportReporter -->
<testsuite skipped="0" hostname="Khaled" name="Testing.Assignment.SeleniumAutomationTask_Sc2" tests="1" failures="0" timestamp="08 يول 2019 21:18:57 GMT" time="0.035" errors="0">
  <testcase name="openURL" time="0.035" classname="Testing.Assignment.SeleniumAutomationTask_Sc2"/>
</testsuite> <!-- Testing.Assignment.SeleniumAutomationTask_Sc2 -->
